<?xml version="1.0" encoding="UTF-8"?>
<!-- Generated by org.testng.reporters.JUnitReportReporter -->
<testsuite hostname="VISAI00215L" failures="0" tests="1" name="v3.Get.api.LiveMeasurement" time="2.622" errors="0" timestamp="2023-09-07T18:42:54 IST" skipped="0">
  <testcase classname="v3.Get.api.LiveMeasurement" name="Unauthorized" time="2.622"/>
</testsuite> <!-- v3.Get.api.LiveMeasurement -->
