<?xml version="1.0" encoding="UTF-8"?>
<!-- Generated by org.testng.reporters.JUnitReportReporter -->
<testsuite hostname="VISAI00215L" failures="0" tests="3" name="v1.Get.api.GetMeasurementDataById" time="20.692" errors="0" timestamp="2023-09-07T18:42:54 IST" skipped="0">
  <testcase classname="v1.Get.api.GetMeasurementDataById" name="assertJsonfileWithResponseBody" time="12.697"/>
  <testcase classname="v1.Get.api.GetMeasurementDataById" name="verifybadRequest" time="3.712"/>
  <testcase classname="v1.Get.api.GetMeasurementDataById" name="verifyunauthorized" time="4.283"/>
</testsuite> <!-- v1.Get.api.GetMeasurementDataById -->
