<?xml version="1.0" encoding="UTF-8"?>
<!-- Generated by org.testng.reporters.JUnitReportReporter -->
<testsuite hostname="VISAI00215L" failures="0" tests="3" name="v2.Get.api.ListMeasurementIDandDates" time="7.713" errors="0" timestamp="2023-08-25T12:54:10 IST" skipped="0">
  <testcase classname="v2.Get.api.ListMeasurementIDandDates" name="Unauthorized" time="1.589"/>
  <testcase classname="v2.Get.api.ListMeasurementIDandDates" name="Notfound" time="3.172"/>
  <testcase classname="v2.Get.api.ListMeasurementIDandDates" name="testScanIdListEndpoint" time="2.952"/>
</testsuite> <!-- v2.Get.api.ListMeasurementIDandDates -->
