<?xml version="1.0" encoding="UTF-8"?>
<!-- Generated by org.testng.reporters.JUnitReportReporter -->
<testsuite hostname="VISAI00215L" failures="0" tests="3" name="v2.Get.api.GetMeasurementDataById" time="22.164" errors="0" timestamp="2023-08-16T16:23:03 IST" skipped="0">
  <testcase classname="v2.Get.api.GetMeasurementDataById" name="assertTheExteranlJsonToResponseBodyAndStatusCode" time="16.266"/>
  <testcase classname="v2.Get.api.GetMeasurementDataById" name="unauthorizedWithMultipeScenarious" time="2.824"/>
  <testcase classname="v2.Get.api.GetMeasurementDataById" name="badRequestWithMultipeScenarious" time="3.074"/>
</testsuite> <!-- v2.Get.api.GetMeasurementDataById -->
