<?xml version="1.0" encoding="UTF-8"?>
<!-- Generated by org.testng.reporters.JUnitReportReporter -->
<testsuite hostname="VISAI00215L" failures="0" tests="1" name="v2.Get.api.LiveMeasurement" time="1.536" errors="0" timestamp="2023-09-07T18:42:54 IST" skipped="0">
  <testcase classname="v2.Get.api.LiveMeasurement" name="Unauthorized" time="1.536"/>
</testsuite> <!-- v2.Get.api.LiveMeasurement -->
