<?xml version="1.0" encoding="UTF-8"?>
<!-- Generated by org.testng.reporters.JUnitReportReporter -->
<testsuite hostname="VISAI00215L" failures="0" tests="3" name="v1.Get.api.ListMeasurementIDandDates" time="6.338" errors="0" timestamp="2023-09-07T18:42:54 IST" skipped="0">
  <testcase classname="v1.Get.api.ListMeasurementIDandDates" name="Notfound" time="1.486"/>
  <testcase classname="v1.Get.api.ListMeasurementIDandDates" name="Unauthorized" time="2.366"/>
  <testcase classname="v1.Get.api.ListMeasurementIDandDates" name="ScanIdListEndpoint" time="2.486"/>
</testsuite> <!-- v1.Get.api.ListMeasurementIDandDates -->
