<?xml version="1.0" encoding="UTF-8"?>
<!-- Generated by org.testng.reporters.JUnitReportReporter -->
<testsuite hostname="VISAI00215L" failures="0" tests="2" name="v3.Get.api.LatestMeasurementImage" time="5.207" errors="0" timestamp="2023-10-06T16:19:21 IST" skipped="0">
  <testcase classname="v3.Get.api.LatestMeasurementImage" name="Latestmeasurementimage" time="3.590"/>
  <testcase classname="v3.Get.api.LatestMeasurementImage" name="Unauthorized" time="1.617"/>
</testsuite> <!-- v3.Get.api.LatestMeasurementImage -->
