<?xml version="1.0" encoding="UTF-8"?>
<!-- Generated by org.testng.reporters.JUnitReportReporter -->
<testsuite hostname="VISAI00215L" failures="0" tests="5" name="v3.Get.api.GetMeasurementDataById" time="26.061" errors="0" timestamp="2023-08-17T15:38:34 IST" skipped="0">
  <testcase classname="v3.Get.api.GetMeasurementDataById" name="verifyStandardFormate" time="2.853"/>
  <testcase classname="v3.Get.api.GetMeasurementDataById" name="verifylegacyFormate" time="3.115"/>
  <testcase classname="v3.Get.api.GetMeasurementDataById" name="assertTheExteranlJsonToResponseBodyAndStatusCode" time="15.860"/>
  <testcase classname="v3.Get.api.GetMeasurementDataById" name="unauthorizedWithMultipeScenarious" time="1.373"/>
  <testcase classname="v3.Get.api.GetMeasurementDataById" name="badRequestWithMultipeScenarious" time="2.860"/>
</testsuite> <!-- v3.Get.api.GetMeasurementDataById -->
