<?xml version="1.0" encoding="UTF-8"?>
<!-- Generated by org.testng.reporters.JUnitReportReporter -->
<testsuite hostname="VISAI00215L" failures="0" tests="5" name="v1.Get.api.GetMeasurementDatabyRange" time="13.285" errors="0" timestamp="2023-08-21T17:16:30 IST" skipped="0">
  <testcase classname="v1.Get.api.GetMeasurementDatabyRange" name="assertthedaterange" time="1.601"/>
  <testcase classname="v1.Get.api.GetMeasurementDatabyRange" name="assertTheIdRange" time="1.489"/>
  <testcase classname="v1.Get.api.GetMeasurementDatabyRange" name="invalidRangeValue" time="1.459"/>
  <testcase classname="v1.Get.api.GetMeasurementDatabyRange" name="invalidFromOrToValue" time="5.839"/>
  <testcase classname="v1.Get.api.GetMeasurementDatabyRange" name="Unauthorized" time="2.897"/>
</testsuite> <!-- v1.Get.api.GetMeasurementDatabyRange -->
