<?xml version="1.0" encoding="UTF-8"?>
<!-- Generated by org.testng.reporters.JUnitReportReporter -->
<testsuite hostname="VISAI00215L" failures="0" tests="3" name="v2.Get.api.LiveCalibration" time="9.006" errors="0" timestamp="2023-08-29T14:36:25 IST" skipped="0">
  <testcase classname="v2.Get.api.LiveCalibration" name="invalidheight" time="1.368"/>
  <testcase classname="v2.Get.api.LiveCalibration" name="badrequest" time="1.596"/>
  <testcase classname="v2.Get.api.LiveCalibration" name="CalibratedSuccessfully" time="6.042"/>
</testsuite> <!-- v2.Get.api.LiveCalibration -->
