<?xml version="1.0" encoding="UTF-8"?>
<!-- Generated by org.testng.reporters.JUnitReportReporter -->
<testsuite hostname="VISAI00215L" failures="0" tests="3" name="v1.Get.api.ListMeasurementIDandDates" time="6.244" errors="0" timestamp="2023-08-29T18:36:37 IST" skipped="0">
  <testcase classname="v1.Get.api.ListMeasurementIDandDates" name="testScanIdListEndpoint" time="3.263"/>
  <testcase classname="v1.Get.api.ListMeasurementIDandDates" name="Unauthorized" time="1.471"/>
  <testcase classname="v1.Get.api.ListMeasurementIDandDates" name="Notfound" time="1.510"/>
</testsuite> <!-- v1.Get.api.ListMeasurementIDandDates -->
