<?xml version="1.0" encoding="UTF-8"?>
<!-- Generated by org.testng.reporters.JUnitReportReporter -->
<testsuite hostname="VISAI00215L" failures="0" tests="2" name="v1.Get.api.LatestMeasurementImage" time="5.043" errors="0" timestamp="2023-08-29T18:36:37 IST" skipped="0">
  <testcase classname="v1.Get.api.LatestMeasurementImage" name="Latestmeasurementimage" time="3.634"/>
  <testcase classname="v1.Get.api.LatestMeasurementImage" name="Unauthorized" time="1.409"/>
</testsuite> <!-- v1.Get.api.LatestMeasurementImage -->
