<?xml version="1.0" encoding="UTF-8"?>
<!-- Generated by org.testng.reporters.JUnitReportReporter -->
<testsuite hostname="VISAI00215L" failures="0" tests="2" name="v3.Get.api.DeleteAccessandRefreshToken" time="6.954" errors="0" timestamp="2023-08-17T13:37:47 IST" skipped="0">
  <testcase classname="v3.Get.api.DeleteAccessandRefreshToken" name="Unauthorized" time="4.175"/>
  <testcase classname="v3.Get.api.DeleteAccessandRefreshToken" name="deletetoken" time="2.779"/>
</testsuite> <!-- v3.Get.api.DeleteAccessandRefreshToken -->
