<?xml version="1.0" encoding="UTF-8"?>
<!-- Generated by org.testng.reporters.JUnitReportReporter -->
<testsuite hostname="VISAI00215L" failures="0" tests="2" name="v3.Get.api.LatestMeasurementImage" time="5.942" errors="0" timestamp="2023-08-17T18:30:10 IST" skipped="0">
  <testcase classname="v3.Get.api.LatestMeasurementImage" name="Latestmeasurementimage" time="4.517"/>
  <testcase classname="v3.Get.api.LatestMeasurementImage" name="Unauthorized" time="1.425"/>
</testsuite> <!-- v3.Get.api.LatestMeasurementImage -->
