<?xml version="1.0" encoding="UTF-8"?>
<!-- Generated by org.testng.reporters.JUnitReportReporter -->
<testsuite hostname="VISAI00215L" failures="0" tests="5" name="v1.Get.api.GetMeasurementDatabyRange" time="28.764" errors="0" timestamp="2023-09-08T19:38:10 IST" skipped="0">
  <testcase classname="v1.Get.api.GetMeasurementDatabyRange" name="assertthedaterange" time="17.300"/>
  <testcase classname="v1.Get.api.GetMeasurementDatabyRange" name="assertTheIdRange" time="1.474"/>
  <testcase classname="v1.Get.api.GetMeasurementDatabyRange" name="invalidRangeValue" time="1.392"/>
  <testcase classname="v1.Get.api.GetMeasurementDatabyRange" name="invalidFromOrToValue" time="5.834"/>
  <testcase classname="v1.Get.api.GetMeasurementDatabyRange" name="Unauthorized" time="2.764"/>
</testsuite> <!-- v1.Get.api.GetMeasurementDatabyRange -->
