<?xml version="1.0" encoding="UTF-8"?>
<!-- Generated by org.testng.reporters.JUnitReportReporter -->
<testsuite hostname="VISAI00215L" failures="0" tests="3" name="v1.Get.api.ListMeasurementIDandDates" time="4.376" errors="0" timestamp="2023-09-06T13:16:51 IST" skipped="0">
  <testcase classname="v1.Get.api.ListMeasurementIDandDates" name="ScanIdListEndpoint" time="1.487"/>
  <testcase classname="v1.Get.api.ListMeasurementIDandDates" name="Notfound" time="1.462"/>
  <testcase classname="v1.Get.api.ListMeasurementIDandDates" name="Unauthorized" time="1.427"/>
</testsuite> <!-- v1.Get.api.ListMeasurementIDandDates -->
