<?xml version="1.0" encoding="UTF-8"?>
<!-- Generated by org.testng.reporters.JUnitReportReporter -->
<testsuite hostname="VISAI00215L" failures="0" tests="3" name="v1.Get.api.MeasurementImagebyID" time="5.925" errors="0" timestamp="2023-08-29T18:36:37 IST" skipped="0">
  <testcase classname="v1.Get.api.MeasurementImagebyID" name="VeridyTheIdByImage" time="2.997"/>
  <testcase classname="v1.Get.api.MeasurementImagebyID" name="testNoImageFound" time="1.622"/>
  <testcase classname="v1.Get.api.MeasurementImagebyID" name="Unauthorized" time="1.306"/>
</testsuite> <!-- v1.Get.api.MeasurementImagebyID -->
