<?xml version="1.0" encoding="UTF-8"?>
<!-- Generated by org.testng.reporters.JUnitReportReporter -->
<testsuite hostname="VISAI00215L" failures="0" tests="3" name="v3.Get.api.MeasurementImagebyID" time="7.681" errors="0" timestamp="2023-10-06T16:19:21 IST" skipped="0">
  <testcase classname="v3.Get.api.MeasurementImagebyID" name="idByImage" time="4.336"/>
  <testcase classname="v3.Get.api.MeasurementImagebyID" name="testNoImageFound" time="1.609"/>
  <testcase classname="v3.Get.api.MeasurementImagebyID" name="Unauthorized" time="1.736"/>
</testsuite> <!-- v3.Get.api.MeasurementImagebyID -->
