<?xml version="1.0" encoding="UTF-8"?>
<!-- Generated by org.testng.reporters.JUnitReportReporter -->
<testsuite hostname="VISAI00215L" failures="0" tests="10" name="v3.Get.api.GetAllMeasurementDatabySKU" time="15.850" errors="0" timestamp="2023-10-06T16:19:21 IST" skipped="0">
  <testcase classname="v3.Get.api.GetAllMeasurementDatabySKU" name="verifySkuId" time="1.446"/>
  <testcase classname="v3.Get.api.GetAllMeasurementDatabySKU" name="badRequestmultiplescenario1" time="1.970"/>
  <testcase classname="v3.Get.api.GetAllMeasurementDatabySKU" name="SkipFailureIsFalse" time="1.647"/>
  <testcase classname="v3.Get.api.GetAllMeasurementDatabySKU" name="lessThanStartDate" time="1.442"/>
  <testcase classname="v3.Get.api.GetAllMeasurementDatabySKU" name="verifystandardFormat" time="1.539"/>
  <testcase classname="v3.Get.api.GetAllMeasurementDatabySKU" name="verifylegacyFormat" time="1.605"/>
  <testcase classname="v3.Get.api.GetAllMeasurementDatabySKU" name="noMeasurement" time="1.601"/>
  <testcase classname="v3.Get.api.GetAllMeasurementDatabySKU" name="badRequestmultiplescenario" time="1.429"/>
  <testcase classname="v3.Get.api.GetAllMeasurementDatabySKU" name="SkipFailureIsTrue" time="1.635"/>
  <testcase classname="v3.Get.api.GetAllMeasurementDatabySKU" name="unauthorizedWithMultipeScenarious" time="1.536"/>
</testsuite> <!-- v3.Get.api.GetAllMeasurementDatabySKU -->
