<?xml version="1.0" encoding="UTF-8"?>
<!-- Generated by org.testng.reporters.JUnitReportReporter -->
<testsuite hostname="VISAI00215L" failures="0" tests="3" name="v1.Get.api.ListMeasurementIDandDates" time="12.862" errors="0" timestamp="2023-10-06T16:19:21 IST" skipped="0">
  <testcase classname="v1.Get.api.ListMeasurementIDandDates" name="Unauthorized" time="1.593"/>
  <testcase classname="v1.Get.api.ListMeasurementIDandDates" name="ScanIdListEndpoint" time="9.831"/>
  <testcase classname="v1.Get.api.ListMeasurementIDandDates" name="Notfound" time="1.438"/>
</testsuite> <!-- v1.Get.api.ListMeasurementIDandDates -->
