<?xml version="1.0" encoding="UTF-8"?>
<!-- Generated by org.testng.reporters.JUnitReportReporter -->
<testsuite hostname="VISAI00215L" failures="0" tests="3" name="v3.Get.api.MeasurementImagebyID" time="6.978" errors="0" timestamp="2023-08-24T11:41:36 IST" skipped="0">
  <testcase classname="v3.Get.api.MeasurementImagebyID" name="testNoImageFound" time="1.481"/>
  <testcase classname="v3.Get.api.MeasurementImagebyID" name="Unauthorized" time="1.574"/>
  <testcase classname="v3.Get.api.MeasurementImagebyID" name="VeridyTheIdByImage" time="3.923"/>
</testsuite> <!-- v3.Get.api.MeasurementImagebyID -->
