<?xml version="1.0" encoding="UTF-8"?>
<!-- Generated by org.testng.reporters.JUnitReportReporter -->
<testsuite hostname="VISAI00215L" failures="0" tests="3" name="v3.Get.api.MeasurementImagebyID" time="5.761" errors="0" timestamp="2023-09-08T19:38:10 IST" skipped="0">
  <testcase classname="v3.Get.api.MeasurementImagebyID" name="idByImage" time="2.771"/>
  <testcase classname="v3.Get.api.MeasurementImagebyID" name="testNoImageFound" time="1.360"/>
  <testcase classname="v3.Get.api.MeasurementImagebyID" name="Unauthorized" time="1.630"/>
</testsuite> <!-- v3.Get.api.MeasurementImagebyID -->
