<?xml version="1.0" encoding="UTF-8"?>
<!-- Generated by org.testng.reporters.JUnitReportReporter -->
<testsuite hostname="VISAI00215L" failures="0" tests="3" name="v1.Get.api.MeasurementImagebyID" time="6.096" errors="0" timestamp="2023-09-08T19:38:10 IST" skipped="0">
  <testcase classname="v1.Get.api.MeasurementImagebyID" name="idByImage" time="3.431"/>
  <testcase classname="v1.Get.api.MeasurementImagebyID" name="NoImageFound" time="1.383"/>
  <testcase classname="v1.Get.api.MeasurementImagebyID" name="Unauthorized" time="1.282"/>
</testsuite> <!-- v1.Get.api.MeasurementImagebyID -->
