<?xml version="1.0" encoding="UTF-8"?>
<!-- Generated by org.testng.reporters.JUnitReportReporter -->
<testsuite hostname="VISAI00215L" failures="0" tests="2" name="measurement.api.calibrateAndMeasuredInLoop" time="91.482" errors="0" timestamp="2023-09-08T19:19:30 IST" skipped="0">
  <testcase classname="measurement.api.calibrateAndMeasuredInLoop" name="measurements" time="85.677"/>
  <testcase classname="measurement.api.calibrateAndMeasuredInLoop" name="CalibratedSuccessfully" time="5.805"/>
</testsuite> <!-- measurement.api.calibrateAndMeasuredInLoop -->
