<?xml version="1.0" encoding="UTF-8"?>
<!-- Generated by org.testng.reporters.JUnitReportReporter -->
<testsuite hostname="VISAI00215L" failures="0" tests="1" name="measurement.api.secretKeyWithMacid" time="4.669" errors="0" timestamp="2023-09-02T18:04:15 IST" skipped="0">
  <testcase classname="measurement.api.secretKeyWithMacid" name="shared_Key" time="4.669"/>
</testsuite> <!-- measurement.api.secretKeyWithMacid -->
