<?xml version="1.0" encoding="UTF-8"?>
<!-- Generated by org.testng.reporters.JUnitReportReporter -->
<testsuite hostname="VISAI00215L" failures="0" tests="10" name="v3.Get.api.GetAllMeasurementDatabySKU" time="12.835" errors="1" timestamp="2023-09-06T13:16:51 IST" skipped="0">
  <testcase classname="v3.Get.api.GetAllMeasurementDatabySKU" name="verifySkuId" time="1.411"/>
  <testcase classname="v3.Get.api.GetAllMeasurementDatabySKU" name="lessThanStartDate" time="1.437"/>
  <testcase classname="v3.Get.api.GetAllMeasurementDatabySKU" name="SkipFailureIsTrue" time="1.419"/>
  <testcase classname="v3.Get.api.GetAllMeasurementDatabySKU" name="verifylegacyFormat" time="1.496"/>
  <testcase classname="v3.Get.api.GetAllMeasurementDatabySKU" name="noMeasurement" time="0.000">
    <error message="
Cannot inject @Test annotated Method [noMeasurement] with [class java.lang.String].
For more information on native dependency injection please refer to https://testng.org/doc/documentation-main.html#native-dependency-injection" type="org.testng.TestNGException">
      <![CDATA[org.testng.TestNGException: 
Cannot inject @Test annotated Method [noMeasurement] with [class java.lang.String].
For more information on native dependency injection please refer to https://testng.org/doc/documentation-main.html#native-dependency-injection
at org.testng.internal.Parameters.checkParameterTypes(Parameters.java:436)
at org.testng.internal.Parameters.createParametersForMethod(Parameters.java:350)
at org.testng.internal.Parameters.createParameters(Parameters.java:693)
at org.testng.internal.Parameters.handleParameters(Parameters.java:879)
at org.testng.internal.Parameters.handleParameters(Parameters.java:728)
at org.testng.internal.invokers.ParameterHandler.handleParameters(ParameterHandler.java:72)
at org.testng.internal.invokers.ParameterHandler.createParameters(ParameterHandler.java:51)
at org.testng.internal.invokers.TestInvoker$MethodInvocationAgent.invoke(TestInvoker.java:911)
at org.testng.internal.invokers.TestInvoker.invokeTestMethods(TestInvoker.java:200)
at org.testng.internal.invokers.TestMethodWorker.invokeTestMethods(TestMethodWorker.java:148)
at org.testng.internal.invokers.TestMethodWorker.run(TestMethodWorker.java:128)
at java.base/java.util.ArrayList.forEach(ArrayList.java:1511)
at org.testng.TestRunner.privateRun(TestRunner.java:848)
at org.testng.TestRunner.run(TestRunner.java:621)
at org.testng.SuiteRunner.runTest(SuiteRunner.java:443)
at org.testng.SuiteRunner.runSequentially(SuiteRunner.java:437)
at org.testng.SuiteRunner.privateRun(SuiteRunner.java:397)
at org.testng.SuiteRunner.run(SuiteRunner.java:336)
at org.testng.SuiteRunnerWorker.runSuite(SuiteRunnerWorker.java:52)
at org.testng.SuiteRunnerWorker.run(SuiteRunnerWorker.java:95)
at org.testng.TestNG.runSuitesSequentially(TestNG.java:1280)
at org.testng.TestNG.runSuitesLocally(TestNG.java:1200)
at org.testng.TestNG.runSuites(TestNG.java:1114)
at org.testng.TestNG.run(TestNG.java:1082)
at org.testng.remote.AbstractRemoteTestNG.run(AbstractRemoteTestNG.java:115)
at org.testng.remote.RemoteTestNG.initAndRun(RemoteTestNG.java:251)
at org.testng.remote.RemoteTestNG.main(RemoteTestNG.java:77)
]]>
    </error>
  </testcase> <!-- noMeasurement -->
  <testcase classname="v3.Get.api.GetAllMeasurementDatabySKU" name="badRequestmultiplescenario" time="1.432"/>
  <testcase classname="v3.Get.api.GetAllMeasurementDatabySKU" name="SkipFailureIsFalse" time="1.395"/>
  <testcase classname="v3.Get.api.GetAllMeasurementDatabySKU" name="unauthorizedWithMultipeScenarious" time="1.322"/>
  <testcase classname="v3.Get.api.GetAllMeasurementDatabySKU" name="verifystandardFormat" time="1.505"/>
  <testcase classname="v3.Get.api.GetAllMeasurementDatabySKU" name="badRequestmultiplescenario1" time="1.418"/>
</testsuite> <!-- v3.Get.api.GetAllMeasurementDatabySKU -->
