<?xml version="1.0" encoding="UTF-8"?>
<!-- Generated by org.testng.reporters.JUnitReportReporter -->
<testsuite hostname="VISAI00215L" failures="0" tests="3" name="v2.Get.api.ListMeasurementIDandDates" time="4.112" errors="0" timestamp="2023-09-06T13:16:51 IST" skipped="0">
  <testcase classname="v2.Get.api.ListMeasurementIDandDates" name="ScanIdList" time="1.398"/>
  <testcase classname="v2.Get.api.ListMeasurementIDandDates" name="Notfound" time="1.278"/>
  <testcase classname="v2.Get.api.ListMeasurementIDandDates" name="Unauthorized" time="1.436"/>
</testsuite> <!-- v2.Get.api.ListMeasurementIDandDates -->
