<?xml version="1.0" encoding="UTF-8"?>
<!-- Generated by org.testng.reporters.JUnitReportReporter -->
<testsuite hostname="VISAI00215L" failures="0" tests="3" name="v3.Get.api.MeasurementImagebyID" time="5.798" errors="0" timestamp="2023-08-29T18:36:37 IST" skipped="0">
  <testcase classname="v3.Get.api.MeasurementImagebyID" name="testNoImageFound" time="1.703"/>
  <testcase classname="v3.Get.api.MeasurementImagebyID" name="Unauthorized" time="1.330"/>
  <testcase classname="v3.Get.api.MeasurementImagebyID" name="VeridyTheIdByImage" time="2.765"/>
</testsuite> <!-- v3.Get.api.MeasurementImagebyID -->
