<?xml version="1.0" encoding="UTF-8"?>
<!-- Generated by org.testng.reporters.JUnitReportReporter -->
<testsuite hostname="VISAI00215L" failures="0" tests="2" name="v3.Get.api.LatestMeasurementImage" time="5.016" errors="0" timestamp="2023-09-08T19:38:10 IST" skipped="0">
  <testcase classname="v3.Get.api.LatestMeasurementImage" name="Latestmeasurementimage" time="3.584"/>
  <testcase classname="v3.Get.api.LatestMeasurementImage" name="Unauthorized" time="1.432"/>
</testsuite> <!-- v3.Get.api.LatestMeasurementImage -->
