<?xml version="1.0" encoding="UTF-8"?>
<!-- Generated by org.testng.reporters.JUnitReportReporter -->
<testsuite hostname="VISAI00215L" failures="0" tests="2" name="measurement.api.calibrateAndMeasuredInLoop" time="200.338" errors="0" timestamp="2023-09-05T16:05:39 IST" skipped="0">
  <testcase classname="measurement.api.calibrateAndMeasuredInLoop" name="CalibratedSuccessfully" time="6.043"/>
  <testcase classname="measurement.api.calibrateAndMeasuredInLoop" name="measurements" time="194.295"/>
</testsuite> <!-- measurement.api.calibrateAndMeasuredInLoop -->
