<?xml version="1.0" encoding="UTF-8"?>
<!-- Generated by org.testng.reporters.JUnitReportReporter -->
<testsuite hostname="VISAI00215L" failures="0" tests="3" name="v1.Get.api.ListMeasurementIDandDates" time="7.434" errors="0" timestamp="2023-08-24T17:58:09 IST" skipped="0">
  <testcase classname="v1.Get.api.ListMeasurementIDandDates" name="Unauthorized" time="1.287"/>
  <testcase classname="v1.Get.api.ListMeasurementIDandDates" name="Notfound" time="3.301"/>
  <testcase classname="v1.Get.api.ListMeasurementIDandDates" name="testScanIdListEndpoint" time="2.846"/>
</testsuite> <!-- v1.Get.api.ListMeasurementIDandDates -->
