<?xml version="1.0" encoding="UTF-8"?>
<!-- Generated by org.testng.reporters.JUnitReportReporter -->
<testsuite hostname="VISAI00215L" failures="0" tests="5" name="v2.Get.api.GetMeasurementDatabyRange" time="17.877" errors="0" timestamp="2023-08-29T18:36:37 IST" skipped="0">
  <testcase classname="v2.Get.api.GetMeasurementDatabyRange" name="assertthedaterange" time="6.060"/>
  <testcase classname="v2.Get.api.GetMeasurementDatabyRange" name="assertTheIdRange" time="1.553"/>
  <testcase classname="v2.Get.api.GetMeasurementDatabyRange" name="invalidRangeValue" time="1.569"/>
  <testcase classname="v2.Get.api.GetMeasurementDatabyRange" name="invalidFromOrToValue" time="5.789"/>
  <testcase classname="v2.Get.api.GetMeasurementDatabyRange" name="Unauthorized" time="2.906"/>
</testsuite> <!-- v2.Get.api.GetMeasurementDatabyRange -->
