<?xml version="1.0" encoding="UTF-8"?>
<!-- Generated by org.testng.reporters.JUnitReportReporter -->
<testsuite hostname="VISAI00215L" failures="0" tests="1" name="measurement.api.addMeasurementDetails" time="141.302" errors="0" timestamp="2023-09-08T20:05:38 IST" skipped="0">
  <testcase classname="measurement.api.addMeasurementDetails" name="postmethod" time="141.302"/>
</testsuite> <!-- measurement.api.addMeasurementDetails -->
