<?xml version="1.0" encoding="UTF-8"?>
<!-- Generated by org.testng.reporters.JUnitReportReporter -->
<testsuite hostname="VISAI00215L" failures="0" tests="2" name="measurement.api.loopmeasurement" time="19.894" errors="0" timestamp="2023-09-01T14:43:13 IST" skipped="0">
  <testcase classname="measurement.api.loopmeasurement" name="CalibratedSuccessfully" time="5.895"/>
  <testcase classname="measurement.api.loopmeasurement" name="measurements" time="13.999"/>
</testsuite> <!-- measurement.api.loopmeasurement -->
