<?xml version="1.0" encoding="UTF-8"?>
<!-- Generated by org.testng.reporters.JUnitReportReporter -->
<testsuite hostname="VISAI00215L" failures="0" tests="5" name="v3.Get.api.GetMeasurementDataBySku" time="18.055" errors="0" timestamp="2023-09-07T18:42:54 IST" skipped="0">
  <testcase classname="v3.Get.api.GetMeasurementDataBySku" name="assertTheExteranlJsonToResponseBodyAndStatusCode" time="3.227"/>
  <testcase classname="v3.Get.api.GetMeasurementDataBySku" name="verifystandardFormate" time="3.433"/>
  <testcase classname="v3.Get.api.GetMeasurementDataBySku" name="verifylegacyFormate" time="4.007"/>
  <testcase classname="v3.Get.api.GetMeasurementDataBySku" name="unauthorizedWithMultipeScenarious" time="3.048"/>
  <testcase classname="v3.Get.api.GetMeasurementDataBySku" name="badRequestWithMultipeScenarious" time="4.340"/>
</testsuite> <!-- v3.Get.api.GetMeasurementDataBySku -->
