<?xml version="1.0" encoding="UTF-8"?>
<!-- Generated by org.testng.reporters.JUnitReportReporter -->
<testsuite hostname="VISAI00215L" failures="0" tests="3" name="v1.Get.api.GetMeasurementDataById" time="20.332" errors="0" timestamp="2023-08-17T15:38:34 IST" skipped="0">
  <testcase classname="v1.Get.api.GetMeasurementDataById" name="assertTheExteranlJsonToResponseBodyAndStatusCode" time="14.882"/>
  <testcase classname="v1.Get.api.GetMeasurementDataById" name="unauthorizedWithMultipeScenarious" time="2.803"/>
  <testcase classname="v1.Get.api.GetMeasurementDataById" name="badRequestWithMultipeScenarious" time="2.647"/>
</testsuite> <!-- v1.Get.api.GetMeasurementDataById -->
