<?xml version="1.0" encoding="UTF-8"?>
<!-- Generated by org.testng.reporters.JUnitReportReporter -->
<testsuite hostname="VISAI00215L" failures="0" tests="3" name="v2.Get.api.MeasurementImagebyID" time="7.474" errors="0" timestamp="2023-08-29T18:36:37 IST" skipped="0">
  <testcase classname="v2.Get.api.MeasurementImagebyID" name="VeridyTheIdByImage" time="4.502"/>
  <testcase classname="v2.Get.api.MeasurementImagebyID" name="testNoImageFound" time="1.648"/>
  <testcase classname="v2.Get.api.MeasurementImagebyID" name="Unauthorized" time="1.324"/>
</testsuite> <!-- v2.Get.api.MeasurementImagebyID -->
