<?xml version="1.0" encoding="UTF-8"?>
<!-- Generated by org.testng.reporters.JUnitReportReporter -->
<testsuite hostname="VISAI00215L" failures="0" tests="1" name="v3.Get.api.LiveMeasurement" time="1.641" errors="0" timestamp="2023-10-06T16:19:21 IST" skipped="0">
  <testcase classname="v3.Get.api.LiveMeasurement" name="Unauthorized" time="1.641"/>
</testsuite> <!-- v3.Get.api.LiveMeasurement -->
