<?xml version="1.0" encoding="UTF-8"?>
<!-- Generated by org.testng.reporters.JUnitReportReporter -->
<testsuite hostname="VISAI00215L" failures="0" tests="3" name="v1.Get.api.LatestMeasurementImage" time="4.656" errors="0" timestamp="2023-09-06T13:16:51 IST" skipped="0">
  <testcase classname="v1.Get.api.LatestMeasurementImage" name="notFound" time="1.401"/>
  <testcase classname="v1.Get.api.LatestMeasurementImage" name="Latestmeasurementimage" time="1.867"/>
  <testcase classname="v1.Get.api.LatestMeasurementImage" name="Unauthorized" time="1.388"/>
</testsuite> <!-- v1.Get.api.LatestMeasurementImage -->
