<?xml version="1.0" encoding="UTF-8"?>
<!-- Generated by org.testng.reporters.JUnitReportReporter -->
<testsuite hostname="VISAI00215L" failures="0" tests="5" name="v3.Get.api.GetMeasurementDataBySku" time="14.473" errors="0" timestamp="2023-09-06T13:16:51 IST" skipped="0">
  <testcase classname="v3.Get.api.GetMeasurementDataBySku" name="assertTheExteranlJsonToResponseBodyAndStatusCode" time="2.881"/>
  <testcase classname="v3.Get.api.GetMeasurementDataBySku" name="verifystandardFormate" time="2.956"/>
  <testcase classname="v3.Get.api.GetMeasurementDataBySku" name="verifylegacyFormate" time="3.013"/>
  <testcase classname="v3.Get.api.GetMeasurementDataBySku" name="unauthorizedWithMultipeScenarious" time="2.756"/>
  <testcase classname="v3.Get.api.GetMeasurementDataBySku" name="badRequestWithMultipeScenarious" time="2.867"/>
</testsuite> <!-- v3.Get.api.GetMeasurementDataBySku -->
