<?xml version="1.0" encoding="UTF-8"?>
<!-- Generated by org.testng.reporters.JUnitReportReporter -->
<testsuite hostname="VISAI00215L" failures="0" tests="3" name="v2.Get.api.LatestMeasurementImage" time="7.729" errors="0" timestamp="2023-09-07T18:42:54 IST" skipped="0">
  <testcase classname="v2.Get.api.LatestMeasurementImage" name="Latestmeasurementimage" time="1.950"/>
  <testcase classname="v2.Get.api.LatestMeasurementImage" name="notFound" time="3.891"/>
  <testcase classname="v2.Get.api.LatestMeasurementImage" name="Unauthorized" time="1.888"/>
</testsuite> <!-- v2.Get.api.LatestMeasurementImage -->
