<?xml version="1.0" encoding="UTF-8"?>
<!-- Generated by org.testng.reporters.JUnitReportReporter -->
<testsuite hostname="VISAI00215L" failures="0" tests="3" name="v2.Get.api.GetMeasurementDataById" time="40.183" errors="0" timestamp="2023-09-08T19:38:10 IST" skipped="0">
  <testcase classname="v2.Get.api.GetMeasurementDataById" name="assertJsonfileToResponseBody" time="34.563"/>
  <testcase classname="v2.Get.api.GetMeasurementDataById" name="verifybadRequest" time="2.708"/>
  <testcase classname="v2.Get.api.GetMeasurementDataById" name="verifyunauthorized" time="2.912"/>
</testsuite> <!-- v2.Get.api.GetMeasurementDataById -->
