<?xml version="1.0" encoding="UTF-8"?>
<!-- Generated by org.testng.reporters.JUnitReportReporter -->
<testsuite hostname="VISAI00215L" failures="0" tests="1" name="v3.Get.api.loopmeasurement" time="131.107" errors="0" timestamp="2023-09-01T14:04:01 IST" skipped="0">
  <testcase classname="v3.Get.api.loopmeasurement" name="measurements" time="131.107"/>
</testsuite> <!-- v3.Get.api.loopmeasurement -->
