<?xml version="1.0" encoding="UTF-8"?>
<!-- Generated by org.testng.reporters.JUnitReportReporter -->
<testsuite hostname="VISAI00215L" failures="0" tests="1" name="v3.Get.api.LiveMeasurement" time="9.620" errors="0" timestamp="2023-08-29T15:27:07 IST" skipped="0">
  <testcase classname="v3.Get.api.LiveMeasurement" name="measurements" time="9.620"/>
</testsuite> <!-- v3.Get.api.LiveMeasurement -->
