<?xml version="1.0" encoding="UTF-8"?>
<!-- Generated by org.testng.reporters.JUnitReportReporter -->
<testsuite hostname="VISAI00215L" failures="0" tests="3" name="v3.Get.api.ListMeasurementIDandDates" time="12.695" errors="0" timestamp="2023-10-06T16:19:21 IST" skipped="0">
  <testcase classname="v3.Get.api.ListMeasurementIDandDates" name="testScanIdListEndpoint" time="9.393"/>
  <testcase classname="v3.Get.api.ListMeasurementIDandDates" name="Notfound" time="1.714"/>
  <testcase classname="v3.Get.api.ListMeasurementIDandDates" name="Unauthorized" time="1.588"/>
</testsuite> <!-- v3.Get.api.ListMeasurementIDandDates -->
