<?xml version="1.0" encoding="UTF-8"?>
<!-- Generated by org.testng.reporters.JUnitReportReporter -->
<testsuite hostname="VISAI00215L" failures="0" tests="5" name="v1.Get.api.GetMeasurementDatabyRange" time="18.729" errors="0" timestamp="2023-08-29T18:36:37 IST" skipped="0">
  <testcase classname="v1.Get.api.GetMeasurementDatabyRange" name="assertthedaterange" time="6.482"/>
  <testcase classname="v1.Get.api.GetMeasurementDatabyRange" name="assertTheIdRange" time="1.902"/>
  <testcase classname="v1.Get.api.GetMeasurementDatabyRange" name="invalidRangeValue" time="1.709"/>
  <testcase classname="v1.Get.api.GetMeasurementDatabyRange" name="invalidFromOrToValue" time="5.817"/>
  <testcase classname="v1.Get.api.GetMeasurementDatabyRange" name="Unauthorized" time="2.819"/>
</testsuite> <!-- v1.Get.api.GetMeasurementDatabyRange -->
