<?xml version="1.0" encoding="UTF-8"?>
<!-- Generated by org.testng.reporters.JUnitReportReporter -->
<testsuite hostname="VISAI00215L" failures="0" tests="3" name="v1.Get.api.MeasurementImagebyID" time="7.161" errors="0" timestamp="2023-08-24T11:41:36 IST" skipped="0">
  <testcase classname="v1.Get.api.MeasurementImagebyID" name="testNoImageFound" time="1.563"/>
  <testcase classname="v1.Get.api.MeasurementImagebyID" name="Unauthorized" time="1.490"/>
  <testcase classname="v1.Get.api.MeasurementImagebyID" name="VeridyTheIdByImage" time="4.108"/>
</testsuite> <!-- v1.Get.api.MeasurementImagebyID -->
