<?xml version="1.0" encoding="UTF-8"?>
<!-- Generated by org.testng.reporters.JUnitReportReporter -->
<testsuite hostname="VISAI00215L" failures="0" tests="1" name="v3.Get.api.ListMeasurementArtifactsIDandTitle" time="4.027" errors="0" timestamp="2023-08-29T17:49:04 IST" skipped="0">
  <testcase classname="v3.Get.api.ListMeasurementArtifactsIDandTitle" name="List_Measurement_Artifacts_ID_and_Title_200status" time="4.027"/>
</testsuite> <!-- v3.Get.api.ListMeasurementArtifactsIDandTitle -->
