<?xml version="1.0" encoding="UTF-8"?>
<!-- Generated by org.testng.reporters.JUnitReportReporter -->
<testsuite hostname="VISAI00215L" failures="0" tests="2" name="measurement.api.calibrateAndMeasuredInLoop" time="79.355" errors="0" timestamp="2023-10-06T13:17:38 IST" skipped="0">
  <testcase classname="measurement.api.calibrateAndMeasuredInLoop" name="CalibratedSuccessfully" time="6.366"/>
  <testcase classname="measurement.api.calibrateAndMeasuredInLoop" name="measurements" time="72.989"/>
</testsuite> <!-- measurement.api.calibrateAndMeasuredInLoop -->
