<?xml version="1.0" encoding="UTF-8"?>
<!-- Generated by org.testng.reporters.JUnitReportReporter -->
<testsuite hostname="VISAI00215L" failures="0" tests="3" name="v3.Get.api.ListMeasurementIDandDates" time="6.601" errors="0" timestamp="2023-09-07T18:42:54 IST" skipped="0">
  <testcase classname="v3.Get.api.ListMeasurementIDandDates" name="testScanIdListEndpoint" time="3.600"/>
  <testcase classname="v3.Get.api.ListMeasurementIDandDates" name="Unauthorized" time="1.514"/>
  <testcase classname="v3.Get.api.ListMeasurementIDandDates" name="Notfound" time="1.487"/>
</testsuite> <!-- v3.Get.api.ListMeasurementIDandDates -->
