<?xml version="1.0" encoding="UTF-8"?>
<!-- Generated by org.testng.reporters.JUnitReportReporter -->
<testsuite hostname="VISAI00215L" failures="0" tests="2" name="v3.Get.api.LiveMeasurement" time="10.000" errors="0" timestamp="2023-09-08T19:52:23 IST" skipped="0">
  <testcase classname="v3.Get.api.LiveMeasurement" name="Unauthorized" time="1.592"/>
  <testcase classname="v3.Get.api.LiveMeasurement" name="measurements" time="8.408"/>
</testsuite> <!-- v3.Get.api.LiveMeasurement -->
