<?xml version="1.0" encoding="UTF-8"?>
<!-- Generated by org.testng.reporters.JUnitReportReporter -->
<testsuite hostname="VISAI00215L" failures="0" tests="2" name="v3.Get.api.DeleteAccessandRefreshToken" time="5.789" errors="0" timestamp="2023-08-17T15:38:34 IST" skipped="0">
  <testcase classname="v3.Get.api.DeleteAccessandRefreshToken" name="deletetoken" time="2.822"/>
  <testcase classname="v3.Get.api.DeleteAccessandRefreshToken" name="Unauthorized" time="2.967"/>
</testsuite> <!-- v3.Get.api.DeleteAccessandRefreshToken -->
