<?xml version="1.0" encoding="UTF-8"?>
<!-- Generated by org.testng.reporters.JUnitReportReporter -->
<testsuite hostname="VISAI00215L" failures="0" tests="3" name="v2.Get.api.GetMeasurementDataById" time="22.138" errors="0" timestamp="2023-08-17T15:38:34 IST" skipped="0">
  <testcase classname="v2.Get.api.GetMeasurementDataById" name="assertTheExteranlJsonToResponseBodyAndStatusCode" time="16.618"/>
  <testcase classname="v2.Get.api.GetMeasurementDataById" name="unauthorizedWithMultipeScenarious" time="2.729"/>
  <testcase classname="v2.Get.api.GetMeasurementDataById" name="badRequestWithMultipeScenarious" time="2.791"/>
</testsuite> <!-- v2.Get.api.GetMeasurementDataById -->
