<?xml version="1.0" encoding="UTF-8"?>
<!-- Generated by org.testng.reporters.JUnitReportReporter -->
<testsuite hostname="VISAI00215L" failures="0" tests="3" name="v2.Get.api.LatestMeasurementImage" time="6.405" errors="0" timestamp="2023-10-06T16:19:21 IST" skipped="0">
  <testcase classname="v2.Get.api.LatestMeasurementImage" name="Unauthorized" time="1.556"/>
  <testcase classname="v2.Get.api.LatestMeasurementImage" name="notFound" time="1.513"/>
  <testcase classname="v2.Get.api.LatestMeasurementImage" name="Latestmeasurementimage" time="3.336"/>
</testsuite> <!-- v2.Get.api.LatestMeasurementImage -->
