<?xml version="1.0" encoding="UTF-8"?>
<!-- Generated by org.testng.reporters.JUnitReportReporter -->
<testsuite hostname="VISAI00215L" failures="0" tests="3" name="v2.Get.api.GetMeasurementDataById" time="37.576" errors="0" timestamp="2023-10-06T16:19:21 IST" skipped="0">
  <testcase classname="v2.Get.api.GetMeasurementDataById" name="assertJsonfileToResponseBody" time="30.416"/>
  <testcase classname="v2.Get.api.GetMeasurementDataById" name="verifybadRequest" time="3.553"/>
  <testcase classname="v2.Get.api.GetMeasurementDataById" name="verifyunauthorized" time="3.607"/>
</testsuite> <!-- v2.Get.api.GetMeasurementDataById -->
