<?xml version="1.0" encoding="UTF-8"?>
<!-- Generated by org.testng.reporters.JUnitReportReporter -->
<testsuite hostname="VISAI00215L" failures="0" tests="3" name="v1.Get.api.LatestMeasurementImage" time="5.977" errors="0" timestamp="2023-09-07T18:42:54 IST" skipped="0">
  <testcase classname="v1.Get.api.LatestMeasurementImage" name="notFound" time="1.485"/>
  <testcase classname="v1.Get.api.LatestMeasurementImage" name="Unauthorized" time="1.786"/>
  <testcase classname="v1.Get.api.LatestMeasurementImage" name="Latestmeasurementimage" time="2.706"/>
</testsuite> <!-- v1.Get.api.LatestMeasurementImage -->
