<?xml version="1.0" encoding="UTF-8"?>
<!-- Generated by org.testng.reporters.JUnitReportReporter -->
<testsuite hostname="VISAI00215L" failures="0" tests="2" name="v3.Get.api.GenerateAPIAccessToken" time="4.605" errors="0" timestamp="2023-09-07T18:42:54 IST" skipped="0">
  <testcase classname="v3.Get.api.GenerateAPIAccessToken" name="Unauthorized" time="1.485"/>
  <testcase classname="v3.Get.api.GenerateAPIAccessToken" name="accesstokenandrefereshtoken" time="3.120"/>
</testsuite> <!-- v3.Get.api.GenerateAPIAccessToken -->
