<?xml version="1.0" encoding="UTF-8"?>
<!-- Generated by org.testng.reporters.JUnitReportReporter -->
<testsuite hostname="VISAI00215L" failures="0" tests="3" name="v2.Get.api.ListMeasurementIDandDates" time="6.357" errors="0" timestamp="2023-08-29T18:36:37 IST" skipped="0">
  <testcase classname="v2.Get.api.ListMeasurementIDandDates" name="testScanIdListEndpoint" time="2.933"/>
  <testcase classname="v2.Get.api.ListMeasurementIDandDates" name="Unauthorized" time="2.132"/>
  <testcase classname="v2.Get.api.ListMeasurementIDandDates" name="Notfound" time="1.292"/>
</testsuite> <!-- v2.Get.api.ListMeasurementIDandDates -->
