<?xml version="1.0" encoding="UTF-8"?>
<!-- Generated by org.testng.reporters.JUnitReportReporter -->
<testsuite hostname="VISAI00215L" failures="0" tests="1" name="v2.Get.api.LiveMeasurement" time="8.614" errors="0" timestamp="2023-08-29T14:36:25 IST" skipped="0">
  <testcase classname="v2.Get.api.LiveMeasurement" name="measurements" time="8.614"/>
</testsuite> <!-- v2.Get.api.LiveMeasurement -->
