<?xml version="1.0" encoding="UTF-8"?>
<!-- Generated by org.testng.reporters.JUnitReportReporter -->
<testsuite hostname="VISAI00215L" failures="0" tests="2" name="v3.Get.api.GenerateNewAccessToken" time="8.616" errors="0" timestamp="2023-08-17T12:20:10 IST" skipped="0">
  <testcase classname="v3.Get.api.GenerateNewAccessToken" name="Unauthorized" time="5.230"/>
  <testcase classname="v3.Get.api.GenerateNewAccessToken" name="newaccesstoken" time="3.386"/>
</testsuite> <!-- v3.Get.api.GenerateNewAccessToken -->
