<?xml version="1.0" encoding="UTF-8"?>
<!-- Generated by org.testng.reporters.JUnitReportReporter -->
<testsuite hostname="VISAI00215L" failures="0" tests="1" name="v2.Get.api.LiveCalibration" time="5.880" errors="0" timestamp="2023-09-08T19:38:10 IST" skipped="0">
  <testcase classname="v2.Get.api.LiveCalibration" name="CalibratedSuccessfully" time="5.880"/>
</testsuite> <!-- v2.Get.api.LiveCalibration -->
