<?xml version="1.0" encoding="UTF-8"?>
<!-- Generated by org.testng.reporters.JUnitReportReporter -->
<testsuite hostname="VISAI00215L" failures="0" tests="7" name="v3.Get.api.GetMeasurementDatabyRange" time="36.924" errors="0" timestamp="2023-09-08T19:38:10 IST" skipped="0">
  <testcase classname="v3.Get.api.GetMeasurementDatabyRange" name="assertthedaterange" time="22.060"/>
  <testcase classname="v3.Get.api.GetMeasurementDatabyRange" name="assertTheIdRange" time="1.612"/>
  <testcase classname="v3.Get.api.GetMeasurementDatabyRange" name="invalidRangeValue" time="1.417"/>
  <testcase classname="v3.Get.api.GetMeasurementDatabyRange" name="invalidFromOrToValue" time="6.096"/>
  <testcase classname="v3.Get.api.GetMeasurementDatabyRange" name="Unauthorized" time="2.859"/>
  <testcase classname="v3.Get.api.GetMeasurementDatabyRange" name="VerifyStandardFormate" time="1.320"/>
  <testcase classname="v3.Get.api.GetMeasurementDatabyRange" name="VerifylegacyFormate" time="1.560"/>
</testsuite> <!-- v3.Get.api.GetMeasurementDatabyRange -->
