<?xml version="1.0" encoding="UTF-8"?>
<!-- Generated by org.testng.reporters.JUnitReportReporter -->
<testsuite hostname="VISAI00215L" failures="0" tests="3" name="v1.Get.api.GetMeasurementDataById" time="24.186" errors="0" timestamp="2023-08-29T18:36:37 IST" skipped="0">
  <testcase classname="v1.Get.api.GetMeasurementDataById" name="assertTheExteranlJsonToResponseBodyAndStatusCode" time="18.479"/>
  <testcase classname="v1.Get.api.GetMeasurementDataById" name="unauthorizedWithMultipeScenarious" time="2.843"/>
  <testcase classname="v1.Get.api.GetMeasurementDataById" name="badRequestWithMultipeScenarious" time="2.864"/>
</testsuite> <!-- v1.Get.api.GetMeasurementDataById -->
