<?xml version="1.0" encoding="UTF-8"?>
<!-- Generated by org.testng.reporters.JUnitReportReporter -->
<testsuite hostname="VISAI00215L" failures="0" tests="2" name="v2.Get.api.LatestMeasurementImage" time="6.618" errors="0" timestamp="2023-08-17T18:26:36 IST" skipped="0">
  <testcase classname="v2.Get.api.LatestMeasurementImage" name="Latestmeasurementimage" time="5.294"/>
  <testcase classname="v2.Get.api.LatestMeasurementImage" name="Unauthorized" time="1.324"/>
</testsuite> <!-- v2.Get.api.LatestMeasurementImage -->
