<?xml version="1.0" encoding="UTF-8"?>
<!-- Generated by org.testng.reporters.JUnitReportReporter -->
<testsuite hostname="VISAI00215L" failures="0" tests="3" name="v1.Get.api.GetMeasurementById" time="28.085" errors="0" timestamp="2023-08-08T16:28:55 IST" skipped="0">
  <testcase classname="v1.Get.api.GetMeasurementById" name="assertTheExteranlJsonToResponseBodyAndStatusCode" time="19.022"/>
  <testcase classname="v1.Get.api.GetMeasurementById" name="unauthorizedWithMultipeScenarious" time="6.103"/>
  <testcase classname="v1.Get.api.GetMeasurementById" name="badRequestWithMultipeScenarious" time="2.960"/>
</testsuite> <!-- v1.Get.api.GetMeasurementById -->
