<?xml version="1.0" encoding="UTF-8"?>
<!-- Generated by org.testng.reporters.JUnitReportReporter -->
<testsuite hostname="VISAI00215L" failures="0" tests="2" name="v3.Get.api.GenerateAPIAccessToken" time="3.791" errors="0" timestamp="2023-08-25T13:10:24 IST" skipped="0">
  <testcase classname="v3.Get.api.GenerateAPIAccessToken" name="Unauthorized" time="2.356"/>
  <testcase classname="v3.Get.api.GenerateAPIAccessToken" name="accesstokenandrefereshtoken" time="1.435"/>
</testsuite> <!-- v3.Get.api.GenerateAPIAccessToken -->
