<?xml version="1.0" encoding="UTF-8"?>
<!-- Generated by org.testng.reporters.JUnitReportReporter -->
<testsuite hostname="VISAI00215L" failures="0" tests="3" name="v2.Get.api.ListMeasurementIDandDates" time="5.328" errors="0" timestamp="2023-09-07T18:42:54 IST" skipped="0">
  <testcase classname="v2.Get.api.ListMeasurementIDandDates" name="ScanIdList" time="1.532"/>
  <testcase classname="v2.Get.api.ListMeasurementIDandDates" name="Notfound" time="1.392"/>
  <testcase classname="v2.Get.api.ListMeasurementIDandDates" name="Unauthorized" time="2.404"/>
</testsuite> <!-- v2.Get.api.ListMeasurementIDandDates -->
