<?xml version="1.0" encoding="UTF-8"?>
<!-- Generated by org.testng.reporters.JUnitReportReporter -->
<testsuite hostname="VISAI00215L" failures="0" tests="3" name="v1.Get.api.GetMeasurementDataBySku" time="8.720" errors="0" timestamp="2023-09-06T13:16:51 IST" skipped="0">
  <testcase classname="v1.Get.api.GetMeasurementDataBySku" name="assertTheExteranlJsonToResponseBodyAndStatusCode" time="3.026"/>
  <testcase classname="v1.Get.api.GetMeasurementDataBySku" name="unauthorizedWithMultipeScenarious" time="2.650"/>
  <testcase classname="v1.Get.api.GetMeasurementDataBySku" name="badRequestWithMultipeScenarious" time="3.044"/>
</testsuite> <!-- v1.Get.api.GetMeasurementDataBySku -->
