<?xml version="1.0" encoding="UTF-8"?>
<!-- Generated by org.testng.reporters.JUnitReportReporter -->
<testsuite hostname="VISAI00215L" failures="0" tests="1" name="v3.Get.api.GetMeasurementArtifactImage" time="11.910" errors="0" timestamp="2023-09-08T19:38:10 IST" skipped="0">
  <testcase classname="v3.Get.api.GetMeasurementArtifactImage" name="Get_Measurement_Artifact_Image_v3" time="11.910"/>
</testsuite> <!-- v3.Get.api.GetMeasurementArtifactImage -->
