<?xml version="1.0" encoding="UTF-8"?>
<!-- Generated by org.testng.reporters.JUnitReportReporter -->
<testsuite hostname="VISAI00215L" failures="0" tests="3" name="v3.Get.api.LiveCalibration" time="6.363" errors="0" timestamp="2023-10-06T16:19:21 IST" skipped="0">
  <testcase classname="v3.Get.api.LiveCalibration" name="Unauthorized" time="1.836"/>
  <testcase classname="v3.Get.api.LiveCalibration" name="invalidheight" time="2.866"/>
  <testcase classname="v3.Get.api.LiveCalibration" name="badrequest" time="1.661"/>
</testsuite> <!-- v3.Get.api.LiveCalibration -->
