<?xml version="1.0" encoding="UTF-8"?>
<!-- Generated by org.testng.reporters.JUnitReportReporter -->
<testsuite hostname="VISAI00215L" failures="0" tests="3" name="v1.Get.api.MeasurementImagebyID" time="6.347" errors="0" timestamp="2023-10-06T16:19:21 IST" skipped="0">
  <testcase classname="v1.Get.api.MeasurementImagebyID" name="idByImage" time="3.010"/>
  <testcase classname="v1.Get.api.MeasurementImagebyID" name="NoImageFound" time="1.600"/>
  <testcase classname="v1.Get.api.MeasurementImagebyID" name="Unauthorized" time="1.737"/>
</testsuite> <!-- v1.Get.api.MeasurementImagebyID -->
