<?xml version="1.0" encoding="UTF-8"?>
<!-- Generated by org.testng.reporters.JUnitReportReporter -->
<testsuite hostname="VISAI00215L" failures="0" tests="2" name="v2.Get.api.LatestMeasurementImage" time="6.579" errors="0" timestamp="2023-08-25T12:53:34 IST" skipped="0">
  <testcase classname="v2.Get.api.LatestMeasurementImage" name="Latestmeasurementimage" time="5.156"/>
  <testcase classname="v2.Get.api.LatestMeasurementImage" name="Unauthorized" time="1.423"/>
</testsuite> <!-- v2.Get.api.LatestMeasurementImage -->
