<?xml version="1.0" encoding="UTF-8"?>
<!-- Generated by org.testng.reporters.JUnitReportReporter -->
<testsuite hostname="VISAI00215L" failures="0" tests="3" name="v1.Get.api.GetMeasurementDataById" time="40.329" errors="0" timestamp="2023-09-08T19:38:10 IST" skipped="0">
  <testcase classname="v1.Get.api.GetMeasurementDataById" name="assertJsonfileWithResponseBody" time="34.463"/>
  <testcase classname="v1.Get.api.GetMeasurementDataById" name="verifybadRequest" time="2.968"/>
  <testcase classname="v1.Get.api.GetMeasurementDataById" name="verifyunauthorized" time="2.898"/>
</testsuite> <!-- v1.Get.api.GetMeasurementDataById -->
