<?xml version="1.0" encoding="UTF-8"?>
<!-- Generated by org.testng.reporters.JUnitReportReporter -->
<testsuite hostname="VISAI00215L" failures="0" tests="7" name="v3.Get.api.GetMeasurementDatabyRange" time="23.655" errors="0" timestamp="2023-10-06T16:19:21 IST" skipped="0">
  <testcase classname="v3.Get.api.GetMeasurementDatabyRange" name="assertthedaterange" time="5.969"/>
  <testcase classname="v3.Get.api.GetMeasurementDatabyRange" name="assertTheIdRange" time="1.722"/>
  <testcase classname="v3.Get.api.GetMeasurementDatabyRange" name="invalidRangeValue" time="1.590"/>
  <testcase classname="v3.Get.api.GetMeasurementDatabyRange" name="invalidFromOrToValue" time="6.994"/>
  <testcase classname="v3.Get.api.GetMeasurementDatabyRange" name="Unauthorized" time="3.587"/>
  <testcase classname="v3.Get.api.GetMeasurementDatabyRange" name="VerifyStandardFormate" time="1.950"/>
  <testcase classname="v3.Get.api.GetMeasurementDatabyRange" name="VerifylegacyFormate" time="1.843"/>
</testsuite> <!-- v3.Get.api.GetMeasurementDatabyRange -->
