<?xml version="1.0" encoding="UTF-8"?>
<!-- Generated by org.testng.reporters.JUnitReportReporter -->
<testsuite hostname="VISAI00215L" failures="0" tests="2" name="v2.Get.api.LiveCalibration" time="3.060" errors="0" timestamp="2023-10-06T16:19:21 IST" skipped="0">
  <testcase classname="v2.Get.api.LiveCalibration" name="invalidheight" time="1.668"/>
  <testcase classname="v2.Get.api.LiveCalibration" name="badrequest" time="1.392"/>
</testsuite> <!-- v2.Get.api.LiveCalibration -->
