<?xml version="1.0" encoding="UTF-8"?>
<!-- Generated by org.testng.reporters.JUnitReportReporter -->
<testsuite hostname="VISAI00215L" failures="0" tests="2" name="v2.Get.api.LiveCalibration" time="2.796" errors="0" timestamp="2023-09-07T18:42:54 IST" skipped="0">
  <testcase classname="v2.Get.api.LiveCalibration" name="badrequest" time="1.401"/>
  <testcase classname="v2.Get.api.LiveCalibration" name="invalidheight" time="1.395"/>
</testsuite> <!-- v2.Get.api.LiveCalibration -->
