<?xml version="1.0" encoding="UTF-8"?>
<!-- Generated by org.testng.reporters.JUnitReportReporter -->
<testsuite hostname="VISAI00215L" failures="0" tests="2" name="v1.Get.api.LiveMeasurement" time="10.958" errors="0" timestamp="2023-09-08T19:48:38 IST" skipped="0">
  <testcase classname="v1.Get.api.LiveMeasurement" name="Unauthorized" time="2.421"/>
  <testcase classname="v1.Get.api.LiveMeasurement" name="measurements" time="8.537"/>
</testsuite> <!-- v1.Get.api.LiveMeasurement -->
