<?xml version="1.0" encoding="UTF-8"?>
<!-- Generated by org.testng.reporters.JUnitReportReporter -->
<testsuite hostname="VISAI00215L" failures="0" tests="1" name="v2.Get.api.LiveMeasurement" time="8.851" errors="0" timestamp="2023-09-08T19:38:10 IST" skipped="0">
  <testcase classname="v2.Get.api.LiveMeasurement" name="measurements" time="8.851"/>
</testsuite> <!-- v2.Get.api.LiveMeasurement -->
