<?xml version="1.0" encoding="UTF-8"?>
<!-- Generated by org.testng.reporters.JUnitReportReporter -->
<testsuite hostname="VISAI00215L" failures="0" tests="1" name="v2.Get.api.LiveMeasurement" time="1.718" errors="0" timestamp="2023-10-06T16:19:21 IST" skipped="0">
  <testcase classname="v2.Get.api.LiveMeasurement" name="Unauthorized" time="1.718"/>
</testsuite> <!-- v2.Get.api.LiveMeasurement -->
