<?xml version="1.0" encoding="UTF-8"?>
<!-- Generated by org.testng.reporters.JUnitReportReporter -->
<testsuite hostname="VISAI00215L" failures="0" tests="2" name="v1.Get.api.LatestMeasurementImage" time="7.362" errors="0" timestamp="2023-08-17T18:24:57 IST" skipped="0">
  <testcase classname="v1.Get.api.LatestMeasurementImage" name="Latestmeasurementimage" time="5.820"/>
  <testcase classname="v1.Get.api.LatestMeasurementImage" name="Unauthorized" time="1.542"/>
</testsuite> <!-- v1.Get.api.LatestMeasurementImage -->
