<?xml version="1.0" encoding="UTF-8"?>
<!-- Generated by org.testng.reporters.JUnitReportReporter -->
<testsuite hostname="VISAI00215L" failures="0" tests="3" name="v3.Get.api.LiveCalibration" time="8.749" errors="0" timestamp="2023-08-29T14:36:25 IST" skipped="0">
  <testcase classname="v3.Get.api.LiveCalibration" name="CalibratedSuccessfully" time="5.749"/>
  <testcase classname="v3.Get.api.LiveCalibration" name="invalidheight" time="1.421"/>
  <testcase classname="v3.Get.api.LiveCalibration" name="badrequest" time="1.579"/>
</testsuite> <!-- v3.Get.api.LiveCalibration -->
