<?xml version="1.0" encoding="UTF-8"?>
<!-- Generated by org.testng.reporters.JUnitReportReporter -->
<testsuite hostname="VISAI00215L" failures="0" tests="3" name="v1.Get.api.LatestMeasurementImage" time="6.518" errors="0" timestamp="2023-09-08T19:38:10 IST" skipped="0">
  <testcase classname="v1.Get.api.LatestMeasurementImage" name="Latestmeasurementimage" time="3.644"/>
  <testcase classname="v1.Get.api.LatestMeasurementImage" name="notFound" time="1.549"/>
  <testcase classname="v1.Get.api.LatestMeasurementImage" name="Unauthorized" time="1.325"/>
</testsuite> <!-- v1.Get.api.LatestMeasurementImage -->
