<?xml version="1.0" encoding="UTF-8"?>
<!-- Generated by org.testng.reporters.JUnitReportReporter -->
<testsuite hostname="VISAI00215L" failures="0" tests="3" name="v1.Get.api.GetMeasurementDataById" time="40.533" errors="0" timestamp="2023-10-06T16:19:21 IST" skipped="0">
  <testcase classname="v1.Get.api.GetMeasurementDataById" name="assertJsonfileWithResponseBody" time="34.086"/>
  <testcase classname="v1.Get.api.GetMeasurementDataById" name="verifybadRequest" time="3.044"/>
  <testcase classname="v1.Get.api.GetMeasurementDataById" name="verifyunauthorized" time="3.403"/>
</testsuite> <!-- v1.Get.api.GetMeasurementDataById -->
