<?xml version="1.0" encoding="UTF-8"?>
<!-- Generated by org.testng.reporters.JUnitReportReporter -->
<testsuite hostname="VISAI00215L" failures="0" tests="3" name="v2.Get.api.GetMeasurementDataById" time="23.625" errors="0" timestamp="2023-09-07T18:42:54 IST" skipped="0">
  <testcase classname="v2.Get.api.GetMeasurementDataById" name="assertJsonfileToResponseBody" time="15.645"/>
  <testcase classname="v2.Get.api.GetMeasurementDataById" name="verifybadRequest" time="5.012"/>
  <testcase classname="v2.Get.api.GetMeasurementDataById" name="verifyunauthorized" time="2.968"/>
</testsuite> <!-- v2.Get.api.GetMeasurementDataById -->
