<?xml version="1.0" encoding="UTF-8"?>
<!-- Generated by org.testng.reporters.JUnitReportReporter -->
<testsuite hostname="VISAI00215L" failures="0" tests="7" name="v3.Get.api.GetMeasurementDatabyRange" time="16.955" errors="0" timestamp="2023-08-21T17:53:28 IST" skipped="0">
  <testcase classname="v3.Get.api.GetMeasurementDatabyRange" name="assertthedaterange" time="1.641"/>
  <testcase classname="v3.Get.api.GetMeasurementDatabyRange" name="assertTheIdRange" time="1.410"/>
  <testcase classname="v3.Get.api.GetMeasurementDatabyRange" name="invalidRangeValue" time="1.481"/>
  <testcase classname="v3.Get.api.GetMeasurementDatabyRange" name="invalidFromOrToValue" time="6.095"/>
  <testcase classname="v3.Get.api.GetMeasurementDatabyRange" name="Unauthorized" time="3.110"/>
  <testcase classname="v3.Get.api.GetMeasurementDatabyRange" name="VerifyStandardFormate" time="1.696"/>
  <testcase classname="v3.Get.api.GetMeasurementDatabyRange" name="VerifylegacyFormate" time="1.522"/>
</testsuite> <!-- v3.Get.api.GetMeasurementDatabyRange -->
