<?xml version="1.0" encoding="UTF-8"?>
<!-- Generated by org.testng.reporters.JUnitReportReporter -->
<testsuite hostname="VISAI00215L" failures="0" tests="1" name="v3.Get.api.DownloadMeasurementArtifactImages" time="3.058" errors="0" timestamp="2023-09-07T18:42:54 IST" skipped="0">
  <testcase classname="v3.Get.api.DownloadMeasurementArtifactImages" name="Download_Measurement_Artifact_Images_v3" time="3.058"/>
</testsuite> <!-- v3.Get.api.DownloadMeasurementArtifactImages -->
