<?xml version="1.0" encoding="UTF-8"?>
<!-- Generated by org.testng.reporters.JUnitReportReporter -->
<testsuite hostname="VISAI00215L" failures="0" tests="5" name="v2.Get.api.GetMeasurementDatabyRange" time="19.275" errors="0" timestamp="2023-10-06T16:19:21 IST" skipped="0">
  <testcase classname="v2.Get.api.GetMeasurementDatabyRange" name="assertthedaterange" time="5.218"/>
  <testcase classname="v2.Get.api.GetMeasurementDatabyRange" name="assertTheIdRange" time="1.883"/>
  <testcase classname="v2.Get.api.GetMeasurementDatabyRange" name="invalidRangeValue" time="1.730"/>
  <testcase classname="v2.Get.api.GetMeasurementDatabyRange" name="invalidFromOrToValue" time="7.142"/>
  <testcase classname="v2.Get.api.GetMeasurementDatabyRange" name="Unauthorized" time="3.302"/>
</testsuite> <!-- v2.Get.api.GetMeasurementDatabyRange -->
