<?xml version="1.0" encoding="UTF-8"?>
<!-- Generated by org.testng.reporters.JUnitReportReporter -->
<testsuite hostname="VISAI00215L" failures="0" tests="3" name="v3.Get.api.LiveCalibration" time="7.131" errors="0" timestamp="2023-09-07T18:42:54 IST" skipped="0">
  <testcase classname="v3.Get.api.LiveCalibration" name="badrequest" time="2.561"/>
  <testcase classname="v3.Get.api.LiveCalibration" name="Unauthorized" time="1.428"/>
  <testcase classname="v3.Get.api.LiveCalibration" name="invalidheight" time="3.142"/>
</testsuite> <!-- v3.Get.api.LiveCalibration -->
