<?xml version="1.0" encoding="UTF-8"?>
<!-- Generated by org.testng.reporters.JUnitReportReporter -->
<testsuite hostname="VISAI00215L" failures="0" tests="5" name="v3.Get.api.GetMeasurementDataById" time="26.523" errors="0" timestamp="2023-08-16T16:23:03 IST" skipped="0">
  <testcase classname="v3.Get.api.GetMeasurementDataById" name="verifylegacyFormate" time="3.089"/>
  <testcase classname="v3.Get.api.GetMeasurementDataById" name="verifyStandardFormate" time="2.888"/>
  <testcase classname="v3.Get.api.GetMeasurementDataById" name="assertTheExteranlJsonToResponseBodyAndStatusCode" time="16.148"/>
  <testcase classname="v3.Get.api.GetMeasurementDataById" name="unauthorizedWithMultipeScenarious" time="1.527"/>
  <testcase classname="v3.Get.api.GetMeasurementDataById" name="badRequestWithMultipeScenarious" time="2.871"/>
</testsuite> <!-- v3.Get.api.GetMeasurementDataById -->
